Replace Part C1 Cap in D:\ADVPCB\ADVPCB\Sheet1.SchDoc with Cap from Miscellaneous Devices.IntLib
Replace Part C2 Cap in D:\ADVPCB\ADVPCB\Sheet1.SchDoc with Cap from Miscellaneous Devices.IntLib
Replace Part C3 Cap in D:\ADVPCB\ADVPCB\Sheet1.SchDoc with Cap from Miscellaneous Devices.IntLib
Replace Part C4 Cap in D:\ADVPCB\ADVPCB\Sheet1.SchDoc with Cap from Miscellaneous Devices.IntLib
Replace Part C5 Cap in D:\ADVPCB\ADVPCB\Sheet1.SchDoc with Cap from Miscellaneous Devices.IntLib
Replace Part C6 Cap in D:\ADVPCB\ADVPCB\Sheet1.SchDoc with Cap from Miscellaneous Devices.IntLib
Replace Part C7 Cap in D:\ADVPCB\ADVPCB\Sheet1.SchDoc with Cap from Miscellaneous Devices.IntLib
Replace Part C8 Cap in D:\ADVPCB\ADVPCB\Sheet1.SchDoc with Cap from Miscellaneous Devices.IntLib
Replace Part C9 Cap in D:\ADVPCB\ADVPCB\Sheet1.SchDoc with Cap from Miscellaneous Devices.IntLib
Replace Part C10 Cap in D:\ADVPCB\ADVPCB\Sheet1.SchDoc with Cap from Miscellaneous Devices.IntLib
Replace Part C11 Cap in D:\ADVPCB\ADVPCB\Sheet1.SchDoc with Cap from Miscellaneous Devices.IntLib
Replace Part C12 Cap in D:\ADVPCB\ADVPCB\Sheet1.SchDoc with Cap from Miscellaneous Devices.IntLib
Replace Part D_GRN LED in D:\ADVPCB\ADVPCB\Sheet1.SchDoc with LED from Simulation Generic Components.IntLib
Replace Part D_RED LED in D:\ADVPCB\ADVPCB\Sheet1.SchDoc with LED from Simulation Generic Components.IntLib
Replace Part D_YLW LED in D:\ADVPCB\ADVPCB\Sheet1.SchDoc with LED from Simulation Generic Components.IntLib
Replace Part J1 KLPX-0848A-2-B in D:\ADVPCB\ADVPCB\Sheet1.SchDoc with KLPX-0848A-2-B from KLPX-0848A-2-B.SchLib
Replace Part P1 Header 10 in D:\ADVPCB\ADVPCB\Sheet1.SchDoc with Header 10 from Miscellaneous Connectors.IntLib
Replace Part R1 Res1 in D:\ADVPCB\ADVPCB\Sheet1.SchDoc with Res1 from Miscellaneous Devices.IntLib
Replace Part R2 Res1 in D:\ADVPCB\ADVPCB\Sheet1.SchDoc with Res1 from Miscellaneous Devices.IntLib
Replace Part R3 Res1 in D:\ADVPCB\ADVPCB\Sheet1.SchDoc with Res1 from Miscellaneous Devices.IntLib
Replace Part R4 Res1 in D:\ADVPCB\ADVPCB\Sheet1.SchDoc with Res1 from Miscellaneous Devices.IntLib
Replace Part R5 Res1 in D:\ADVPCB\ADVPCB\Sheet1.SchDoc with Res1 from Miscellaneous Devices.IntLib
Replace Part R6 Res1 in D:\ADVPCB\ADVPCB\Sheet1.SchDoc with Res1 from Miscellaneous Devices.IntLib
Replace Part S1 DPST Push Button in D:\ADVPCB\ADVPCB\Sheet1.SchDoc with DPST Push Button from Simulation Generic Components.IntLib
Replace Part SB1 Solder Bridge in D:\ADVPCB\ADVPCB\Sheet1.SchDoc with Solder Bridge from schematic.SchLib
Replace Part SB2 Solder Bridge in D:\ADVPCB\ADVPCB\Sheet1.SchDoc with Solder Bridge from schematic.SchLib
Replace Part SB3 Solder Bridge in D:\ADVPCB\ADVPCB\Sheet1.SchDoc with Solder Bridge from schematic.SchLib
Update Managed Component taa From CMP-0243-00216-1[STM32F446RCT6] To CMP-0243-00216-1[STM32F446RCT6] in Sheet1.SchDoc
Replace Part U2 Inverter1 in D:\ADVPCB\ADVPCB\Sheet1.SchDoc with Inverter1 from Schlib1.SchLib
Replace Part Y1 ECS-80-18-5PX-GM-TR in D:\ADVPCB\ADVPCB\Sheet1.SchDoc with ECS-80-18-5PX-GM-TR from Schlib1.SchLib
