Change Component Comment : Designator=C14 Old Comment=C52923 New Comment=C15849
Change Component Comment : Designator=C15 Old Comment=C52923 New Comment=C15849
Change Component Comment : Designator=C7 Old Comment=Cap New Comment=C1562
Change Component Comment : Designator=C8 Old Comment=Cap New Comment=C1562
Change Component Comment : Designator=C5 Old Comment=Cap New Comment=C15849
Change Component Comment : Designator=C10 Old Comment=Cap New Comment=C19666
Change Component Comment : Designator=C1 Old Comment=Cap New Comment=C19702
Change Component Comment : Designator=R4 Old Comment=Res1 New Comment=C22808
Change Component Description : Designator=J2 Old Description= New Description=DNP
Change Component Description : Designator=LED_G Old Description= New Description=DNP
Change Component Description : Designator=LED_R Old Description= New Description=DNP
Change Component Description : Designator=LED_Y Old Description= New Description=DNP
Change Component Description : Designator=SB1 Old Description= New Description=DNP
Change Component Description : Designator=SB2 Old Description= New Description=DNP
Change Component Description : Designator=P1 Old Description=Header, 2-Pin New Description=Header, 2-Pin DNP
Change Component Description : Designator=P3 Old Description=Header, 4-Pin New Description=C6332197
Change Component Description : Designator=P2 Old Description=Header, 7-Pin New Description=C492406
Change Component Description : Designator=U2 Old Description=No Description Available New Description=C603505
Change Component Description : Designator=J1 Old Description=No Description Available New Description=DNP
Change Component Description : Designator=R3 Old Description=Resistor New Description=C4275
Change Component Description : Designator=R4 Old Description=Resistor New Description=C22808
Change Component Description : Designator=R5 Old Description=Resistor New Description=C22808
Change Component Description : Designator=R6 Old Description=Resistor New Description=C22808
Change Component Description : Designator=R9 Old Description=Resistor New Description=C22828
Change Component Description : Designator=R2 Old Description=Resistor New Description=C22962
Change Component Description : Designator=R1 Old Description=Resistor New Description=C25803
Change Component Description : Designator=R7 Old Description=Resistor New Description=C25804
Change Component Description : Designator=R8 Old Description=Resistor New Description=C25804
